0 info it worked if it ends with ok
1 verbose cli [ 'c:\\Program Files (x86)\\nodejs\\node.exe',
1 verbose cli   'c:\\Program Files (x86)\\nodejs\\node_modules\\npm\\bin\\npm-cli.js',
1 verbose cli   'install',
1 verbose cli   'js-bson' ]
2 info using npm@1.4.28
3 info using node@v0.10.35
4 warn package.json TournamentSystem@1.0.0 No description
5 warn package.json TournamentSystem@1.0.0 No repository field.
6 warn package.json TournamentSystem@1.0.0 No README data
7 warn package.json assert@1.3.0 assert is also the name of a node core module.
8 verbose readDependencies using package.json deps
9 verbose cache add [ 'js-bson', null ]
10 verbose cache add name=undefined spec="js-bson" args=["js-bson",null]
11 verbose parsed url { protocol: null,
11 verbose parsed url   slashes: null,
11 verbose parsed url   auth: null,
11 verbose parsed url   host: null,
11 verbose parsed url   port: null,
11 verbose parsed url   hostname: null,
11 verbose parsed url   hash: null,
11 verbose parsed url   search: null,
11 verbose parsed url   query: null,
11 verbose parsed url   pathname: 'js-bson',
11 verbose parsed url   path: 'js-bson',
11 verbose parsed url   href: 'js-bson' }
12 silly lockFile 39987484-js-bson js-bson
13 verbose lock js-bson C:\Users\Sylvanas\AppData\Roaming\npm-cache\39987484-js-bson.lock
14 silly lockFile 39987484-js-bson js-bson
15 silly lockFile 39987484-js-bson js-bson
16 verbose addNamed [ 'js-bson', '' ]
17 verbose addNamed [ null, '*' ]
18 silly lockFile a5c0f890-js-bson js-bson@
19 verbose lock js-bson@ C:\Users\Sylvanas\AppData\Roaming\npm-cache\a5c0f890-js-bson.lock
20 silly addNameRange { name: 'js-bson', range: '*', hasData: false }
21 verbose request where is /js-bson
22 verbose request registry https://registry.npmjs.org/
23 verbose request id 877a62bf48e80142
24 verbose url raw /js-bson
25 verbose url resolving [ 'https://registry.npmjs.org/', './js-bson' ]
26 verbose url resolved https://registry.npmjs.org/js-bson
27 verbose request where is https://registry.npmjs.org/js-bson
28 info trying registry request attempt 1 at 10:50:23
29 http GET https://registry.npmjs.org/js-bson
30 http 404 https://registry.npmjs.org/js-bson
31 verbose headers { server: 'CouchDB/1.5.0 (Erlang OTP/R16B03)',
31 verbose headers   'content-type': 'application/json',
31 verbose headers   'cache-control': 'max-age=0',
31 verbose headers   'content-length': '51',
31 verbose headers   'accept-ranges': 'bytes',
31 verbose headers   date: 'Thu, 25 Jun 2015 17:50:27 GMT',
31 verbose headers   via: '1.1 varnish',
31 verbose headers   age: '0',
31 verbose headers   connection: 'keep-alive',
31 verbose headers   'x-served-by': 'cache-lax1420-LAX',
31 verbose headers   'x-cache': 'MISS',
31 verbose headers   'x-cache-hits': '0',
31 verbose headers   'x-timer': 'S1435254627.321444,VS0,VE76' }
32 silly registry.get cb [ 404,
32 silly registry.get   { server: 'CouchDB/1.5.0 (Erlang OTP/R16B03)',
32 silly registry.get     'content-type': 'application/json',
32 silly registry.get     'cache-control': 'max-age=0',
32 silly registry.get     'content-length': '51',
32 silly registry.get     'accept-ranges': 'bytes',
32 silly registry.get     date: 'Thu, 25 Jun 2015 17:50:27 GMT',
32 silly registry.get     via: '1.1 varnish',
32 silly registry.get     age: '0',
32 silly registry.get     connection: 'keep-alive',
32 silly registry.get     'x-served-by': 'cache-lax1420-LAX',
32 silly registry.get     'x-cache': 'MISS',
32 silly registry.get     'x-cache-hits': '0',
32 silly registry.get     'x-timer': 'S1435254627.321444,VS0,VE76' } ]
33 silly lockFile a5c0f890-js-bson js-bson@
34 silly lockFile a5c0f890-js-bson js-bson@
35 error 404 404 Not Found: js-bson
35 error 404
35 error 404 'js-bson' is not in the npm registry.
35 error 404 You should bug the author to publish it
35 error 404 It was specified as a dependency of 'TournamentSystem'
35 error 404
35 error 404 Note that you can also install from a
35 error 404 tarball, folder, or http url, or git url.
36 error System Windows_NT 6.1.7601
37 error command "c:\\Program Files (x86)\\nodejs\\node.exe" "c:\\Program Files (x86)\\nodejs\\node_modules\\npm\\bin\\npm-cli.js" "install" "js-bson"
38 error cwd c:\Users\Sylvanas\Documents\GitHub\TournamentSystem
39 error node -v v0.10.35
40 error npm -v 1.4.28
41 error code E404
42 verbose exit [ 1, true ]
